make all --print-data-base --no-builtin-variables --no-builtin-rules --question
# GNU Make 4.2.1
 
# Built for x86_64-pc-linux-gnu
 
# Copyright (C) 1988-2016 Free Software Foundation, Inc.
 
# License GPLv3+: GNU GPL version 3 or later <http://gnu.org/licenses/gpl.html>
 
# This is free software: you are free to change and redistribute it.
 
# There is NO WARRANTY, to the extent permitted by law.
 

 
# Make data base, printed on Sun Oct 31 19:38:14 2021
 

# Variables
 

 
# 'override' directive
 
GNUMAKEFLAGS := 
 
# automatic
 
<D = $(patsubst %/,%,$(dir $<))
 
# automatic
 
?F = $(notdir $?)
 
# environment
 
DESKTOP_SESSION = ubuntu
 
# default
 
.SHELLFLAGS := -c
 
# environment
 
XDG_SESSION_CLASS = user
 
# environment
 
XDG_SESSION_TYPE = x11
 
# environment
VSCODE_LOG_NATIVE = false
# makefile (from 'Makefile', line 1)
TARGET = ./main.out
# automatic
?D = $(patsubst %/,%,$(dir $?))
# environment
IM_CONFIG_PHASE = 1
# automatic
@D = $(patsubst %/,%,$(dir $@))
# environment
XAUTHORITY = /run/user/1000/gdm/Xauthority
# environment
GDMSESSION = ubuntu
# environment
XMODIFIERS = @im=ibus
# makefile
CURDIR := /home/alexey/First
# makefile
SHELL = /bin/sh
# environment
VSCODE_NLS_CONFIG = {"locale":"ru","availableLanguages":{"*":"ru"},"_languagePackId":"c0154017eafddd7bab935a6fb1a00e9c.ru","_translationsConfigFile":"/home/alexey/.config/Code/clp/c0154017eafddd7bab935a6fb1a00e9c.ru/tcf.json","_cacheRoot":"/home/alexey/.config/Code/clp/c0154017eafddd7bab935a6fb1a00e9c.ru","_resolvedLanguagePackCoreLocation":"/home/alexey/.config/Code/clp/c0154017eafddd7bab935a6fb1a00e9c.ru/6cba118ac49a1b88332f312a8f67186f7f3c1643","_corruptedFile":"/home/alexey/.config/Code/clp/c0154017eafddd7bab935a6fb1a00e9c.ru/corrupted.info","_languagePackSupport":true}
# environment
_ = /usr/share/code/code
# environment
JOURNAL_STREAM = 8:32356
# environment
XDG_CONFIG_DIRS = /etc/xdg/xdg-ubuntu:/etc/xdg
# makefile (from 'Makefile', line 7)
HDRS = project/include
# makefile (from 'Makefile', line 1)
MAKEFILE_LIST :=  Makefile
# automatic
@F = $(notdir $@)
# environment
GIO_LAUNCHED_DESKTOP_FILE = /usr/share/applications/code.desktop
# environment
USERNAME = alexey
# environment
MANDATORY_PATH = /usr/share/gconf/ubuntu.mandatory.path
# environment
XDG_DATA_DIRS = /usr/share/ubuntu:/usr/local/share/:/usr/share/:/var/lib/snapd/desktop
# environment
DBUS_SESSION_BUS_ADDRESS = unix:path=/run/user/1000/bus
# environment
VSCODE_VERBOSE_LOGGING = true
# environment
MANAGERPID = 816
# environment
LESSOPEN = | /usr/bin/lesspipe %s
# environment
VSCODE_CWD = /home/alexey
# default
MAKE_HOST := x86_64-pc-linux-gnu
# environment
PATH = /usr/local/sbin:/usr/local/bin:/usr/sbin:/usr/bin:/sbin:/bin:/usr/games:/usr/local/games:/snap/bin
# makefile (from 'Makefile', line 19)
TST_SRCS = project/src/matrix.c project/tests/src/*.c
# environment
GPG_AGENT_INFO = /run/user/1000/gnupg/S.gpg-agent:0:1
# environment
SESSION_MANAGER = local/pc:@/tmp/.ICE-unix/1136,unix/pc:/tmp/.ICE-unix/1136
# environment
XDG_RUNTIME_DIR = /run/user/1000
# environment
XDG_MENU_PREFIX = gnome-
# environment
VSCODE_LOG_STACK = false
# environment
VSCODE_CRASH_REPORTER_START_OPTIONS = {"companyName":"Microsoft","productName":"VSCode","submitURL":"appcenter://code?aid=fba07a4d-84bd-4fc8-a125-9640fc8ce171&uid=3f22a4ba-ccc2-4eb0-81a6-e8564babdefb&iid=3f22a4ba-ccc2-4eb0-81a6-e8564babdefb&sid=3f22a4ba-ccc2-4eb0-81a6-e8564babdefb","uploadToServer":true}
# environment
INVOCATION_ID = 052bb7575e6a4c86ae1e13477389b609
# default
.FEATURES := target-specific order-only second-expansion else-if shortest-stem undefine oneshell archives jobserver output-sync check-symlink load
# environment
LS_COLORS = 
# environment
XDG_SESSION_DESKTOP = ubuntu
# environment
SSH_AUTH_SOCK = /run/user/1000/keyring/ssh
# environment
GIO_LAUNCHED_DESKTOP_FILE_PID = 2659
# automatic
%F = $(notdir $%)
# environment
DISPLAY = :0
# environment
VSCODE_PIPE_LOGGING = true
# environment
PWD = /home/alexey/First
# default
.LOADED := 
# environment
SSH_AGENT_PID = 1092
# environment
ORIGINAL_XDG_CURRENT_DESKTOP = ubuntu:GNOME
# environment
GTK_MODULES = gail:atk-bridge
# environment
VSCODE_AMD_ENTRYPOINT = vs/workbench/services/extensions/node/extensionHostProcess
# environment
HOME = /home/alexey
# makefile (from 'Makefile', line 2)
TST_TARGET = ./tests.out
# environment
LESSCLOSE = /usr/bin/lesspipe %s %s
# environment
VSCODE_CODE_CACHE_PATH = /home/alexey/.config/Code/CachedData/6cba118ac49a1b88332f312a8f67186f7f3c1643
# environment
LOGNAME = alexey
# environment
APPLICATION_INSIGHTS_NO_DIAGNOSTIC_CHANNEL = true
# environment
VSCODE_HANDLES_UNCAUGHT_ERRORS = true
# environment
GNOME_DESKTOP_SESSION_ID = this-is-deprecated
# automatic
^D = $(patsubst %/,%,$(dir $^))
# environment
MAKELEVEL := 0
# default
MAKE = $(MAKE_COMMAND)
# default
MAKECMDGOALS := all
# environment
QT_IM_MODULE = ibus
# makefile (from 'Makefile', line 10)
SRCS = project/src/main.c project/src/matrix.c
# environment
SHLVL = 0
# environment
GNOME_SHELL_SESSION_MODE = ubuntu
# environment
VSCODE_IPC_HOOK_EXTHOST = /run/user/1000/vscode-ipc-d3337e6e-a059-4b43-ab44-e9eccda870d4.sock
# default
MAKE_VERSION := 4.2.1
# environment
USER = alexey
# makefile
.DEFAULT_GOAL := all
# environment
XDG_CURRENT_DESKTOP = Unity
# automatic
%D = $(patsubst %/,%,$(dir $%))
 
# default
MAKE_COMMAND := make
# default
.VARIABLES := 
# automatic
*F = $(notdir $*)
# environment
VSCODE_IPC_HOOK = /run/user/1000/vscode-f7c852b3-1.61.2-main.sock
# makefile
MAKEFLAGS = pqrR
# environment
MFLAGS = -pqrR
# automatic
*D = $(patsubst %/,%,$(dir $*))
# environment
BREAKPAD_DUMP_LOCATION = /home/alexey/.config/Code/exthost Crash Reports
# automatic
+D = $(patsubst %/,%,$(dir $+))
# environment
GDK_BACKEND = x11
# automatic
+F = $(notdir $+)
# makefile (from 'Makefile', line 3)
VALGRIND_LOG = "valgrind.log"
# environment
QT_ACCESSIBILITY = 1
# environment
DEFAULTS_PATH = /usr/share/gconf/ubuntu.default.path
# default
MAKEFILES := 
# makefile (from 'Makefile', line 15)
TST_HDRS = project/include project/tests/include
# automatic
<F = $(notdir $<)
# environment
ELECTRON_RUN_AS_NODE = 1
# environment
LC_ALL = C
# environment
GJS_DEBUG_TOPICS = JS ERROR;JS LOG
# automatic
^F = $(notdir $^)
# default
SUFFIXES := 
# environment
CHROME_DESKTOP = code-url-handler.desktop
# environment
WINDOWPATH = 2
# default
.INCLUDE_DIRS = /usr/include /usr/local/include /usr/include
# environment
GJS_DEBUG_OUTPUT = stderr
# default
.RECIPEPREFIX := 
# environment
LANG = C
# environment
VSCODE_PID = 2659
# variable set hash-table stats:
 
# Load=108/1024=11%, Rehash=0, Collisions=18/148=12%
 

# Pattern-specific Variable Values

# No pattern-specific variable values.

# Directories

# . (device 2056, inode 1200654): 15 files, no impossibilities.
# project/tests/src (device 2056, inode 1704144): 12 files, no impossibilities.

# 27 files, no impossibilities in 2 directories.

# Implicit Rules

# No implicit rules.

# Files

# Not a target:
project/tests/src/test_matrix_transponse.c:
#  Implicit rule search has not been done.
#  Modification time never checked.
#  File has not been updated.

all: clean check build test memtest testextra memtestextra
#  Phony target (prerequisite of .PHONY).
#  Command line target.
#  Implicit rule search has not been done.
#  File does not exist.
#  File has been updated.
#  Needs to be updated (-q is set).
# variable set hash-table stats:
# Load=0/32=0%, Rehash=0, Collisions=0/6=0%

# Not a target:
project/tests/src/test_matrix_determinant.c:
#  Implicit rule search has not been done.
#  Modification time never checked.
#  File has not been updated.

main.out: project/src/main.c project/src/matrix.c
#  Implicit rule search has not been done.
#  Modification time never checked.
#  File has not been updated.
#  recipe to execute (from 'Makefile', line 47):
	$(CC) -Wall -Wextra -Werror $(addprefix -I,$(HDRS)) -o $(TARGET) $(CFLAGS) $(SRCS) -lm

.PHONY: all check build test memtest testextra memtestextra rebuild clean
#  Implicit rule search has not been done.
#  Modification time never checked.
#  File has not been updated.

# Not a target:
project/tests/src/utils.c:
#  Implicit rule search has not been done.
#  Modification time never checked.
#  File has not been updated.

# Not a target:
.SUFFIXES:
#  Implicit rule search has not been done.
#  Modification time never checked.
#  File has not been updated.

# Not a target:
Makefile:
#  Implicit rule search has been done.
#  Last modified 2021-10-31 18:21:14.29789419
#  File has been updated.
#  Successfully updated.

rebuild: clean build
#  Phony target (prerequisite of .PHONY).
#  Implicit rule search has not been done.
#  File does not exist.
#  File has not been updated.

test: tests.out
#  Phony target (prerequisite of .PHONY).
#  Implicit rule search has not been done.
#  File does not exist.
#  File has not been updated.
#  recipe to execute (from 'Makefile', line 33):
	$(TST_TARGET)

build: main.out
#  Phony target (prerequisite of .PHONY).
#  Implicit rule search has not been done.
#  File does not exist.
#  File has not been updated.

# Not a target:
project/tests/src/test_matrix_inverse.c:
#  Implicit rule search has not been done.
#  Modification time never checked.
#  File has not been updated.

memtest: tests.out
#  Phony target (prerequisite of .PHONY).
#  Implicit rule search has not been done.
#  File does not exist.
#  File has not been updated.
#  recipe to execute (from 'Makefile', line 36):
	./project/tests/memtest.sh ${TST_TARGET}

# Not a target:
project/tests/src/test_matrix_adjugate.c:
#  Implicit rule search has not been done.
#  Modification time never checked.
#  File has not been updated.

# Not a target:
project/tests/src/test_matrix_arithmetic.c:
#  Implicit rule search has not been done.
#  Modification time never checked.
#  File has not been updated.

tests.out: project/src/matrix.c project/tests/src/test_scalar_mul.c project/tests/src/test_matrix_determinant.c project/tests/src/test_element_setting.c project/tests/src/test_matrix_arithmetic.c project/tests/src/test_matrix_adjugate.c project/tests/src/utils.c project/tests/src/test_matrix_transponse.c project/tests/src/main.c project/tests/src/test_matrix_inverse.c project/tests/src/test_matrix_creating.c
#  Implicit rule search has not been done.
#  Modification time never checked.
#  File has not been updated.
#  recipe to execute (from 'Makefile', line 50):
	$(CC) -Wall -Wextra -Werror $(addprefix -I,$(TST_HDRS)) -o $(TST_TARGET) $(CFLAGS) $(TST_SRCS) -lm

# Not a target:
.DEFAULT:
#  Implicit rule search has not been done.
#  Modification time never checked.
#  File has not been updated.

# Not a target:
project/tests/src/test_matrix_creating.c:
#  Implicit rule search has not been done.
#  Modification time never checked.
#  File has not been updated.

clean:
#  Phony target (prerequisite of .PHONY).
#  Implicit rule search has not been done.
#  Implicit/static pattern stem: ''
#  File does not exist.
#  File has been updated.
#  Needs to be updated (-q is set).
# automatic
# @ := clean
# automatic
# % := 
# automatic
# * := 
# automatic
# + := 
# automatic
# | := 
# automatic
# < := 
# automatic
# ^ := 
# automatic
# ? := 
# variable set hash-table stats:
# Load=8/32=25%, Rehash=0, Collisions=1/14=7%
#  recipe to execute (from 'Makefile', line 53):
	rm -f $(TARGET) $(TST_TARGET) ${VALGRIND_LOG}

# Not a target:
project/src/matrix.c:
#  Implicit rule search has not been done.
#  Modification time never checked.
#  File has not been updated.

testextra: tests.out
#  Phony target (prerequisite of .PHONY).
#  Implicit rule search has not been done.
#  File does not exist.
#  File has not been updated.
#  recipe to execute (from 'Makefile', line 39):
	$(TST_TARGET) --with-extra

# Not a target:
project/tests/src/main.c:
#  Implicit rule search has not been done.
#  Modification time never checked.
#  File has not been updated.

memtestextra: tests.out
#  Phony target (prerequisite of .PHONY).
#  Implicit rule search has not been done.
#  File does not exist.
#  File has not been updated.
#  recipe to execute (from 'Makefile', line 42):
	./project/tests/memtest.sh ${TST_TARGET} --with-extra

# Not a target:
project/tests/src/test_scalar_mul.c:
#  Implicit rule search has not been done.
#  Modification time never checked.
#  File has not been updated.

check:
#  Phony target (prerequisite of .PHONY).
#  Implicit rule search has not been done.
#  File does not exist.
#  File has not been updated.
#  recipe to execute (from 'Makefile', line 28):
	./linters/run.sh

# Not a target:
project/src/main.c:
#  Implicit rule search has not been done.
#  Modification time never checked.
#  File has not been updated.

# Not a target:
project/tests/src/test_element_setting.c:
#  Implicit rule search has not been done.
#  Modification time never checked.
#  File has not been updated.

# files hash-table stats:
# Load=27/1024=3%, Rehash=0, Collisions=0/85=0%
# VPATH Search Paths

# No 'vpath' search paths.

# No general ('VPATH' variable) search path.

# strcache buffers: 1 (0) / strings = 52 / storage = 892 B / avg = 17 B
# current buf: size = 8162 B / used = 892 B / count = 52 / avg = 17 B

# strcache performance: lookups = 98 / hit rate = 46%
# hash-table stats:
# Load=52/8192=1%, Rehash=0, Collisions=2/98=2%
# Finished Make data base on Sun Oct 31 19:38:14 2021

 
